[INFO] - [2025-12-25-4-50-00PM] - [94m[START] TESTCASE confirmAlertAccept [STARTED][0m
[INFO] - [2025-12-25-4-50-00PM] - [92mChecked key existence: recordGUITestExecution in file: src\main\resources\properties\config.properties[0m
[INFO] - [2025-12-25-4-50-00PM] - [94mGetting Timestamp: 2025-12-25-4-50-00PM[0m
[INFO] - [2025-12-25-4-50-00PM] - [94mStarted web recording (Snapshot): confirmAlertAccept_CHROME_CHROME2025-12-25-4-50-00PM[0m
[INFO] - [2025-12-25-4-50-00PM] - [94mStarted video recording [] for: confirmAlertAccept_CHROME_ - CHROME on thread: 66[0m
[INFO] - [2025-12-25-4-50-00PM] - [96mVideo Recording started for Test Case: confirmAlertAccept_CHROME_[0m
[INFO] - [2025-12-25-4-50-00PM] - [94mNavigating to URL: https://the-internet.herokuapp.com/[0m
[INFO] - [2025-12-25-4-50-00PM] - [94mElement displayed: true JavaScript Alerts[0m
[INFO] - [2025-12-25-4-50-01PM] - [94mClicked on element: [0m
[INFO] - [2025-12-25-4-50-01PM] - [94mClicked on element: [0m
[INFO] - [2025-12-25-4-50-01PM] - [94mHandling alert[0m
[INFO] - [2025-12-25-4-50-01PM] - [94mSwitched to alert[0m
[INFO] - [2025-12-25-4-50-01PM] - [94mHandling alert[0m
[INFO] - [2025-12-25-4-50-01PM] - [94mSwitched to alert[0m
[INFO] - [2025-12-25-4-50-01PM] - [94mAccepted alert[0m
[INFO] - [2025-12-25-4-50-02PM] - [94mElement displayed: true You clicked: Ok[0m
[INFO] - [2025-12-25-4-50-02PM] - [94mText retrieved: "You clicked: Ok" from You clicked: Ok[0m
[WARN] - [2025-12-25-4-50-02PM] - [38;5;200mNo frames captured during recording[0m
[ERROR] - [2025-12-25-4-50-02PM] - [91mFailed to save video recording[0m
[ERROR] - [2025-12-25-4-50-02PM] - [91mFailed to save video recording for: confirmAlertAccept_CHROME_[0m
[DEBUG] - [2025-12-25-4-50-02PM] - [93mCleaned up recording context [ID: 2373763a][0m